<?xml version="1.0" encoding="UTF-8"?>
<robot generator="Robot 6.1 (Python 3.11.4 on win32)" generated="20230722 10:21:49.656" rpa="false" schemaversion="4">
<suite id="s1" name="Login" source="D:\My Skill\Quality Assurance\Latihan\Robot Framework\Robot-Framework-Excercise\login.robot">
<kw name="Open Browser" library="SeleniumLibrary" type="SETUP">
<arg>${webSauceDemo}</arg>
<arg>${BROWSER}</arg>
<doc>Opens a new browser instance to the optional ``url``.</doc>
<msg timestamp="20230722 10:21:50.131" level="INFO">Opening browser 'chrome' to base url 'https://www.saucedemo.com/'.</msg>
<msg timestamp="20230722 10:21:50.148" level="INFO">Applicable driver not found; attempting to install with Selenium Manager (Beta)</msg>
<status status="PASS" starttime="20230722 10:21:50.130" endtime="20230722 10:21:52.814"/>
</kw>
<test id="s1-t1" name="User Login with Valid Data" line="32">
<kw name="Input Username">
<kw name="Input Text" library="SeleniumLibrary">
<arg>${UsernameField}</arg>
<arg>standard_user</arg>
<doc>Types the given ``text`` into the text field identified by ``locator``.</doc>
<msg timestamp="20230722 10:21:52.822" level="INFO">Typing text 'standard_user' into text field '//input[@id='user-name']'.</msg>
<status status="PASS" starttime="20230722 10:21:52.820" endtime="20230722 10:21:53.130"/>
</kw>
<status status="PASS" starttime="20230722 10:21:52.819" endtime="20230722 10:21:53.131"/>
</kw>
<kw name="Input Password">
<kw name="Input Text" library="SeleniumLibrary">
<arg>${PasswordField}</arg>
<arg>secret_sauce</arg>
<doc>Types the given ``text`` into the text field identified by ``locator``.</doc>
<msg timestamp="20230722 10:21:53.134" level="INFO">Typing text 'secret_sauce' into text field '//input[@id='password']'.</msg>
<status status="PASS" starttime="20230722 10:21:53.133" endtime="20230722 10:21:53.319"/>
</kw>
<status status="PASS" starttime="20230722 10:21:53.132" endtime="20230722 10:21:53.319"/>
</kw>
<kw name="Click Button Login">
<kw name="Click Element" library="SeleniumLibrary">
<arg>${LoginButton}</arg>
<doc>Click the element identified by ``locator``.</doc>
<msg timestamp="20230722 10:21:53.321" level="INFO">Clicking element '//*[@id="login-button"]'.</msg>
<status status="PASS" starttime="20230722 10:21:53.320" endtime="20230722 10:21:53.516"/>
</kw>
<status status="PASS" starttime="20230722 10:21:53.320" endtime="20230722 10:21:53.517"/>
</kw>
<kw name="Verify on Login Page">
<kw name="Page Should Contain" library="SeleniumLibrary">
<arg>Sauce Labs Backpack</arg>
<doc>Verifies that current page contains ``text``.</doc>
<msg timestamp="20230722 10:21:53.595" level="INFO">Current page contains text 'Sauce Labs Backpack'.</msg>
<status status="PASS" starttime="20230722 10:21:53.518" endtime="20230722 10:21:53.595"/>
</kw>
<status status="PASS" starttime="20230722 10:21:53.518" endtime="20230722 10:21:53.596"/>
</kw>
<status status="PASS" starttime="20230722 10:21:52.814" endtime="20230722 10:21:53.597"/>
</test>
<kw name="Close Browser" library="SeleniumLibrary" type="TEARDOWN">
<doc>Closes the current browser.</doc>
<status status="PASS" starttime="20230722 10:21:53.602" endtime="20230722 10:21:55.873"/>
</kw>
<status status="PASS" starttime="20230722 10:21:49.658" endtime="20230722 10:21:55.873"/>
</suite>
<statistics>
<total>
<stat pass="1" fail="0" skip="0">All Tests</stat>
</total>
<tag>
</tag>
<suite>
<stat pass="1" fail="0" skip="0" id="s1" name="Login">Login</stat>
</suite>
</statistics>
<errors>
</errors>
</robot>
